<?xml version="1.0" encoding="UTF-8"?>
<coverage generated="1648766271">
  <project timestamp="1648766271">
    <package name="PinkCrab\Perique\Application">
      <file name="/shared/httpd/perique/htdocs/Perique-Framework/src/Application/App.php">
        <class name="PinkCrab\Perique\Application\App" namespace="PinkCrab\Perique\Application">
          <metrics complexity="39" methods="17" coveredmethods="17" conditionals="0" coveredconditionals="0" statements="96" coveredstatements="96" elements="113" coveredelements="113"/>
        </class>
        <line num="92" type="method" name="is_booted" visibility="public" complexity="1" crap="1" count="56"/>
        <line num="93" type="stmt" count="56"/>
        <line num="104" type="method" name="set_container" visibility="public" complexity="2" crap="2" count="62"/>
        <line num="105" type="stmt" count="62"/>
        <line num="106" type="stmt" count="1"/>
        <line num="109" type="stmt" count="62"/>
        <line num="110" type="stmt" count="62"/>
        <line num="120" type="method" name="set_app_config" visibility="public" complexity="2" crap="2" count="58"/>
        <line num="121" type="stmt" count="58"/>
        <line num="122" type="stmt" count="1"/>
        <line num="125" type="stmt" count="58"/>
        <line num="126" type="stmt" count="58"/>
        <line num="135" type="method" name="set_registration_services" visibility="public" complexity="2" crap="2" count="64"/>
        <line num="136" type="stmt" count="64"/>
        <line num="137" type="stmt" count="1"/>
        <line num="139" type="stmt" count="64"/>
        <line num="140" type="stmt" count="64"/>
        <line num="149" type="method" name="set_loader" visibility="public" complexity="2" crap="2" count="61"/>
        <line num="150" type="stmt" count="61"/>
        <line num="151" type="stmt" count="1"/>
        <line num="153" type="stmt" count="61"/>
        <line num="155" type="stmt" count="61"/>
        <line num="165" type="method" name="container_config" visibility="public" complexity="2" crap="2" count="4"/>
        <line num="166" type="stmt" count="4"/>
        <line num="167" type="stmt" count="1"/>
        <line num="169" type="stmt" count="3"/>
        <line num="170" type="stmt" count="3"/>
        <line num="180" type="method" name="registration_middleware" visibility="public" complexity="3" crap="3" count="13"/>
        <line num="181" type="stmt" count="13"/>
        <line num="182" type="stmt" count="1"/>
        <line num="186" type="stmt" count="12"/>
        <line num="187" type="stmt" count="11"/>
        <line num="190" type="stmt" count="12"/>
        <line num="192" type="stmt" count="12"/>
        <line num="203" type="method" name="construct_registration_middleware" visibility="public" complexity="5" crap="5" count="5"/>
        <line num="204" type="stmt" count="5"/>
        <line num="205" type="stmt" count="1"/>
        <line num="209" type="stmt" count="4"/>
        <line num="210" type="stmt" count="2"/>
        <line num="211" type="stmt" count="2"/>
        <line num="214" type="stmt" count="2"/>
        <line num="215" type="stmt" count="2"/>
        <line num="216" type="stmt" count="1"/>
        <line num="219" type="stmt" count="1"/>
        <line num="230" type="method" name="registration_classes" visibility="public" complexity="2" crap="2" count="3"/>
        <line num="231" type="stmt" count="3"/>
        <line num="232" type="stmt" count="1"/>
        <line num="234" type="stmt" count="2"/>
        <line num="235" type="stmt" count="2"/>
        <line num="243" type="method" name="boot" visibility="public" complexity="3" crap="3" count="52"/>
        <line num="246" type="stmt" count="52"/>
        <line num="247" type="stmt" count="52"/>
        <line num="248" type="stmt" count="1"/>
        <line num="249" type="stmt" count="1"/>
        <line num="254" type="stmt" count="52"/>
        <line num="257" type="stmt" count="52"/>
        <line num="258" type="stmt" count="51"/>
        <line num="259" type="stmt" count="51"/>
        <line num="268" type="method" name="finalise" visibility="protected" complexity="4" crap="4" count="52"/>
        <line num="271" type="stmt" count="52"/>
        <line num="272" type="stmt" count="52"/>
        <line num="275" type="stmt" count="52"/>
        <line num="276" type="stmt" count="52"/>
        <line num="277" type="stmt" count="52"/>
        <line num="282" type="stmt" count="52"/>
        <line num="283" type="stmt" count="52"/>
        <line num="286" type="stmt" count="52"/>
        <line num="292" type="stmt" count="52"/>
        <line num="293" type="stmt" count="52"/>
        <line num="296" type="stmt" count="52"/>
        <line num="302" type="stmt" count="52"/>
        <line num="303" type="stmt" count="52"/>
        <line num="306" type="stmt" count="52"/>
        <line num="312" type="stmt" count="52"/>
        <line num="313" type="stmt" count="52"/>
        <line num="316" type="stmt" count="52"/>
        <line num="322" type="stmt" count="52"/>
        <line num="323" type="stmt" count="2"/>
        <line num="324" type="stmt" count="2"/>
        <line num="325" type="stmt" count="1"/>
        <line num="328" type="stmt" count="1"/>
        <line num="332" type="stmt" count="51"/>
        <line num="335" type="stmt" count="51"/>
        <line num="336" type="stmt" count="51"/>
        <line num="338" type="stmt" count="4"/>
        <line num="339" type="stmt" count="4"/>
        <line num="340" type="stmt" count="4"/>
        <line num="341" type="stmt" count="4"/>
        <line num="342" type="stmt" count="51"/>
        <line num="343" type="stmt" count="51"/>
        <line num="346" type="stmt" count="51"/>
        <line num="359" type="method" name="make" visibility="public" complexity="2" crap="2" count="10"/>
        <line num="360" type="stmt" count="10"/>
        <line num="361" type="stmt" count="1"/>
        <line num="363" type="stmt" count="9"/>
        <line num="374" type="method" name="config" visibility="public" complexity="2" crap="2" count="2"/>
        <line num="375" type="stmt" count="2"/>
        <line num="376" type="stmt" count="1"/>
        <line num="378" type="stmt" count="1"/>
        <line num="387" type="method" name="view" visibility="public" complexity="3" crap="3" count="4"/>
        <line num="388" type="stmt" count="4"/>
        <line num="389" type="stmt" count="1"/>
        <line num="392" type="stmt" count="3"/>
        <line num="396" type="method" name="__debugInfo" visibility="public" complexity="1" crap="1" count="1"/>
        <line num="398" type="stmt" count="1"/>
        <line num="399" type="stmt" count="1"/>
        <line num="400" type="stmt" count="1"/>
        <line num="409" type="method" name="has_app_config" visibility="public" complexity="1" crap="1" count="6"/>
        <line num="410" type="stmt" count="6"/>
        <line num="419" type="method" name="get_container" visibility="public" complexity="2" crap="2" count="3"/>
        <line num="420" type="stmt" count="3"/>
        <line num="422" type="stmt" count="1"/>
        <line num="424" type="stmt" count="2"/>
        <metrics loc="426" ncloc="279" classes="1" methods="17" coveredmethods="17" conditionals="0" coveredconditionals="0" statements="96" coveredstatements="96" elements="113" coveredelements="113"/>
      </file>
      <file name="/shared/httpd/perique/htdocs/Perique-Framework/src/Application/App_Config.php">
        <class name="PinkCrab\Perique\Application\App_Config" namespace="PinkCrab\Perique\Application">
          <metrics complexity="44" methods="22" coveredmethods="22" conditionals="0" coveredconditionals="0" statements="88" coveredstatements="88" elements="110" coveredelements="110"/>
        </class>
        <line num="91" type="method" name="__construct" visibility="public" complexity="1" crap="1" count="58"/>
        <line num="92" type="stmt" count="58"/>
        <line num="93" type="stmt" count="58"/>
        <line num="94" type="stmt" count="58"/>
        <line num="102" type="method" name="set_defaults" visibility="private" complexity="1" crap="1" count="58"/>
        <line num="103" type="stmt" count="58"/>
        <line num="112" type="method" name="set_props" visibility="private" complexity="1" crap="1" count="58"/>
        <line num="113" type="stmt" count="58"/>
        <line num="114" type="stmt" count="58"/>
        <line num="115" type="stmt" count="58"/>
        <line num="116" type="stmt" count="58"/>
        <line num="117" type="stmt" count="58"/>
        <line num="118" type="stmt" count="58"/>
        <line num="119" type="stmt" count="58"/>
        <line num="120" type="stmt" count="58"/>
        <line num="122" type="stmt" count="58"/>
        <line num="123" type="stmt" count="58"/>
        <line num="132" type="method" name="path" visibility="public" complexity="5" crap="5" count="5"/>
        <line num="134" type="stmt" count="5"/>
        <line num="135" type="stmt" count="1"/>
        <line num="138" type="stmt" count="4"/>
        <line num="139" type="stmt" count="2"/>
        <line num="140" type="stmt" count="4"/>
        <line num="150" type="method" name="url" visibility="public" complexity="5" crap="5" count="4"/>
        <line num="152" type="stmt" count="4"/>
        <line num="153" type="stmt" count="1"/>
        <line num="156" type="stmt" count="3"/>
        <line num="157" type="stmt" count="1"/>
        <line num="158" type="stmt" count="3"/>
        <line num="166" type="method" name="rest" visibility="public" complexity="1" crap="1" count="1"/>
        <line num="167" type="stmt" count="1"/>
        <line num="175" type="method" name="cache" visibility="public" complexity="1" crap="1" count="1"/>
        <line num="176" type="stmt" count="1"/>
        <line num="186" type="method" name="namespace" visibility="public" complexity="4" crap="4" count="3"/>
        <line num="187" type="stmt" count="3"/>
        <line num="188" type="stmt" count="3"/>
        <line num="198" type="method" name=" \additional" visibility="public" complexity="3" crap="3" count="4"/>
        <line num="199" type="stmt" count="4"/>
        <line num="200" type="stmt" count="4"/>
        <line num="208" type="method" name=" \version" visibility="public" complexity="1" crap="1" count="1"/>
        <line num="209" type="stmt" count="1"/>
        <line num="219" type="method" name=" \post_types" visibility="public" complexity="2" crap="2" count="3"/>
        <line num="220" type="stmt" count="3"/>
        <line num="221" type="stmt" count="2"/>
        <line num="224" type="stmt" count="1"/>
        <line num="235" type="method" name=" \meta" visibility="public" complexity="3" crap="3" count="6"/>
        <line num="237" type="stmt" count="6"/>
        <line num="238" type="stmt" count="1"/>
        <line num="241" type="stmt" count="5"/>
        <line num="242" type="stmt" count="1"/>
        <line num="245" type="stmt" count="4"/>
        <line num="255" type="method" name=" \post_meta" visibility="public" complexity="1" crap="1" count="1"/>
        <line num="256" type="stmt" count="1"/>
        <line num="266" type="method" name=" \user_meta" visibility="public" complexity="1" crap="1" count="1"/>
        <line num="267" type="stmt" count="1"/>
        <line num="277" type="method" name=" \term_meta" visibility="public" complexity="1" crap="1" count="1"/>
        <line num="278" type="stmt" count="1"/>
        <line num="287" type="method" name=" \set_meta" visibility="public" complexity="3" crap="3" count="58"/>
        <line num="288" type="stmt" count="58"/>
        <line num="289" type="stmt" count="58"/>
        <line num="290" type="stmt" count="58"/>
        <line num="291" type="stmt" count="1"/>
        <line num="295" type="stmt" count="58"/>
        <line num="297" type="stmt" count="58"/>
        <line num="306" type="method" name=" \taxonomies" visibility="public" complexity="2" crap="2" count="2"/>
        <line num="307" type="stmt" count="2"/>
        <line num="308" type="stmt" count="1"/>
        <line num="311" type="stmt" count="1"/>
        <line num="322" type="method" name=" \db_tables" visibility="public" complexity="2" crap="2" count="2"/>
        <line num="323" type="stmt" count="2"/>
        <line num="324" type="stmt" count="1"/>
        <line num="326" type="stmt" count="1"/>
        <line num="335" type="method" name=" \__get" visibility="public" complexity="1" crap="1" count="2"/>
        <line num="336" type="stmt" count="2"/>
        <line num="344" type="method" name=" \settings_defaults" visibility="private" complexity="1" crap="1" count="58"/>
        <line num="345" type="stmt" count="58"/>
        <line num="346" type="stmt" count="58"/>
        <line num="347" type="stmt" count="58"/>
        <line num="351" type="stmt" count="58"/>
        <line num="354" type="stmt" count="58"/>
        <line num="355" type="stmt" count="58"/>
        <line num="356" type="stmt" count="58"/>
        <line num="357" type="stmt" count="58"/>
        <line num="358" type="stmt" count="58"/>
        <line num="361" type="stmt" count="58"/>
        <line num="362" type="stmt" count="58"/>
        <line num="363" type="stmt" count="58"/>
        <line num="364" type="stmt" count="58"/>
        <line num="365" type="stmt" count="58"/>
        <line num="370" type="stmt" count="58"/>
        <line num="371" type="stmt" count="58"/>
        <line num="372" type="stmt" count="58"/>
        <line num="389" type="method" name=" \filter_key_value_pair" visibility="private" complexity="3" crap="3" count="58"/>
        <line num="391" type="stmt" count="58"/>
        <line num="392" type="stmt" count="58"/>
        <line num="394" type="stmt" count="58"/>
        <line num="395" type="stmt" count="58"/>
        <line num="396" type="stmt" count="58"/>
        <line num="397" type="stmt" count="58"/>
        <line num="398" type="stmt" count="58"/>
        <line num="407" type="method" name=" \export_settings" visibility="public" complexity="1" crap="1" count="52"/>
        <line num="409" type="stmt" count="52"/>
        <line num="410" type="stmt" count="52"/>
        <line num="411" type="stmt" count="52"/>
        <line num="412" type="stmt" count="52"/>
        <line num="413" type="stmt" count="52"/>
        <line num="414" type="stmt" count="52"/>
        <line num="415" type="stmt" count="52"/>
        <line num="416" type="stmt" count="52"/>
        <line num="417" type="stmt" count="52"/>
        <metrics loc="420" ncloc="260" classes="1" methods="22" coveredmethods="22" conditionals="0" coveredconditionals="0" statements="88" coveredstatements="88" elements="110" coveredelements="110"/>
      </file>
      <file name="/shared/httpd/perique/htdocs/Perique-Framework/src/Application/App_Factory.php">
        <class name="PinkCrab\Perique\Application\App_Factory" namespace="PinkCrab\Perique\Application">
          <metrics complexity="15" methods="10" coveredmethods="10" conditionals="0" coveredconditionals="0" statements="32" coveredstatements="32" elements="42" coveredelements="42"/>
        </class>
        <line num="43" type="method" name="__construct" visibility="public" complexity="4" crap="4" count="10"/>
        <line num="44" type="stmt" count="10"/>
        <line num="46" type="stmt" count="10"/>
        <line num="47" type="stmt" count="9"/>
        <line num="48" type="stmt" count="9"/>
        <line num="50" type="stmt" count="1"/>
        <line num="52" type="stmt" count="10"/>
        <line num="64" type="method" name="with_wp_dice" visibility="public" complexity="2" crap="2" count="10"/>
        <line num="65" type="stmt" count="10"/>
        <line num="68" type="stmt" count="10"/>
        <line num="70" type="stmt" count="10"/>
        <line num="71" type="stmt" count="10"/>
        <line num="74" type="stmt" count="10"/>
        <line num="77" type="stmt" count="10"/>
        <line num="79" type="stmt" count="10"/>
        <line num="82" type="stmt" count="10"/>
        <line num="84" type="stmt" count="10"/>
        <line num="93" type="method" name="default_di_rules" visibility="protected" complexity="1" crap="1" count="10"/>
        <line num="97" type="stmt" count="10"/>
        <line num="109" type="method" name="di_rules" visibility="public" complexity="1" crap="1" count="1"/>
        <line num="110" type="stmt" count="1"/>
        <line num="112" type="stmt" count="1"/>
        <line num="113" type="stmt" count="1"/>
        <line num="115" type="stmt" count="1"/>
        <line num="124" type="method" name="registration_classes" visibility="public" complexity="1" crap="1" count="1"/>
        <line num="125" type="stmt" count="1"/>
        <line num="126" type="stmt" count="1"/>
        <line num="135" type="method" name="app_config" visibility="public" complexity="1" crap="1" count="7"/>
        <line num="136" type="stmt" count="7"/>
        <line num="137" type="stmt" count="7"/>
        <line num="145" type="method" name="app" visibility="public" complexity="1" crap="1" count="4"/>
        <line num="146" type="stmt" count="4"/>
        <line num="154" type="method" name="boot" visibility="public" complexity="2" crap="2" count="6"/>
        <line num="156" type="stmt" count="6"/>
        <line num="157" type="stmt" count="6"/>
        <line num="160" type="stmt" count="6"/>
        <line num="170" type="method" name="registration_middleware" visibility="public" complexity="1" crap="1" count="1"/>
        <line num="171" type="stmt" count="1"/>
        <line num="172" type="stmt" count="1"/>
        <line num="184" type="method" name="construct_registration_middleware" visibility="public" complexity="1" crap="1" count="1"/>
        <line num="185" type="stmt" count="1"/>
        <line num="186" type="stmt" count="1"/>
        <metrics loc="188" ncloc="118" classes="1" methods="10" coveredmethods="10" conditionals="0" coveredconditionals="0" statements="32" coveredstatements="32" elements="42" coveredelements="42"/>
      </file>
      <file name="/shared/httpd/perique/htdocs/Perique-Framework/src/Application/App_Validation.php">
        <class name="PinkCrab\Perique\Application\App_Validation" namespace="PinkCrab\Perique\Application">
          <metrics complexity="7" methods="4" coveredmethods="4" conditionals="0" coveredconditionals="0" statements="14" coveredstatements="14" elements="18" coveredelements="18"/>
        </class>
        <line num="46" type="method" name="__construct" visibility="public" complexity="1" crap="1" count="57"/>
        <line num="47" type="stmt" count="57"/>
        <line num="48" type="stmt" count="57"/>
        <line num="55" type="method" name="validate" visibility="public" complexity="1" crap="1" count="56"/>
        <line num="56" type="stmt" count="56"/>
        <line num="57" type="stmt" count="56"/>
        <line num="58" type="stmt" count="56"/>
        <line num="67" type="method" name="validate_properties_set" visibility="protected" complexity="3" crap="3" count="56"/>
        <line num="68" type="stmt" count="56"/>
        <line num="69" type="stmt" count="56"/>
        <line num="70" type="stmt" count="56"/>
        <line num="71" type="stmt" count="56"/>
        <line num="72" type="stmt" count="4"/>
        <line num="75" type="stmt" count="56"/>
        <line num="82" type="method" name="already_booted" visibility="protected" complexity="2" crap="2" count="56"/>
        <line num="83" type="stmt" count="56"/>
        <line num="84" type="stmt" count="2"/>
        <line num="86" type="stmt" count="56"/>
        <metrics loc="87" ncloc="57" classes="1" methods="4" coveredmethods="4" conditionals="0" coveredconditionals="0" statements="14" coveredstatements="14" elements="18" coveredelements="18"/>
      </file>
      <file name="/shared/httpd/perique/htdocs/Perique-Framework/src/Application/Config.php">
        <class name="PinkCrab\Perique\Application\Config" namespace="PinkCrab\Perique\Application">
          <metrics complexity="2" methods="1" coveredmethods="1" conditionals="0" coveredconditionals="0" statements="3" coveredstatements="3" elements="4" coveredelements="4"/>
        </class>
        <line num="37" type="method" name="__callStatic" visibility="public" complexity="2" crap="2" count="2"/>
        <line num="38" type="stmt" count="2"/>
        <line num="40" type="stmt" count="1"/>
        <line num="43" type="stmt" count="2"/>
        <metrics loc="45" ncloc="26" classes="1" methods="1" coveredmethods="1" conditionals="0" coveredconditionals="0" statements="3" coveredstatements="3" elements="4" coveredelements="4"/>
      </file>
      <file name="/shared/httpd/perique/htdocs/Perique-Framework/src/Application/Hooks.php">
        <class name="PinkCrab\Perique\Application\Hooks" namespace="PinkCrab\Perique\Application">
          <metrics complexity="0" methods="0" coveredmethods="0" conditionals="0" coveredconditionals="0" statements="0" coveredstatements="0" elements="0" coveredelements="0"/>
        </class>
        <metrics loc="29" ncloc="16" classes="0" methods="0" coveredmethods="0" conditionals="0" coveredconditionals="0" statements="0" coveredstatements="0" elements="0" coveredelements="0"/>
      </file>
    </package>
    <package name="PinkCrab\Perique\Exceptions">
      <file name="/shared/httpd/perique/htdocs/Perique-Framework/src/Exceptions/App_Initialization_Exception.php">
        <class name="PinkCrab\Perique\Exceptions\App_Initialization_Exception" namespace="PinkCrab\Perique\Exceptions">
          <metrics complexity="9" methods="9" coveredmethods="9" conditionals="0" coveredconditionals="0" statements="21" coveredstatements="21" elements="30" coveredelements="30"/>
        </class>
        <line num="37" type="method" name="requires_di_container" visibility="public" complexity="1" crap="1" count="3"/>
        <line num="38" type="stmt" count="3"/>
        <line num="39" type="stmt" count="3"/>
        <line num="47" type="method" name="di_container_exists" visibility="public" complexity="1" crap="1" count="1"/>
        <line num="48" type="stmt" count="1"/>
        <line num="49" type="stmt" count="1"/>
        <line num="57" type="method" name="requires_registration_service" visibility="public" complexity="1" crap="1" count="2"/>
        <line num="58" type="stmt" count="2"/>
        <line num="59" type="stmt" count="2"/>
        <line num="68" type="method" name="app_not_initialized" visibility="public" complexity="1" crap="1" count="3"/>
        <line num="69" type="stmt" count="3"/>
        <line num="70" type="stmt" count="3"/>
        <line num="78" type="method" name="app_config_exists" visibility="public" complexity="1" crap="1" count="1"/>
        <line num="79" type="stmt" count="1"/>
        <line num="80" type="stmt" count="1"/>
        <line num="88" type="method" name="registration_exists" visibility="public" complexity="1" crap="1" count="1"/>
        <line num="89" type="stmt" count="1"/>
        <line num="90" type="stmt" count="1"/>
        <line num="99" type="method" name="failed_boot_validation" visibility="public" complexity="1" crap="1" count="1"/>
        <line num="100" type="stmt" count="1"/>
        <line num="101" type="stmt" count="1"/>
        <line num="102" type="stmt" count="1"/>
        <line num="104" type="stmt" count="1"/>
        <line num="112" type="method" name="loader_exists" visibility="public" complexity="1" crap="1" count="1"/>
        <line num="113" type="stmt" count="1"/>
        <line num="114" type="stmt" count="1"/>
        <line num="123" type="method" name="invalid_registration_middleware_instance" visibility="public" complexity="1" crap="1" count="2"/>
        <line num="124" type="stmt" count="2"/>
        <line num="125" type="stmt" count="2"/>
        <line num="128" type="stmt" count="2"/>
        <metrics loc="131" ncloc="73" classes="1" methods="9" coveredmethods="9" conditionals="0" coveredconditionals="0" statements="21" coveredstatements="21" elements="30" coveredelements="30"/>
      </file>
      <file name="/shared/httpd/perique/htdocs/Perique-Framework/src/Exceptions/DI_Container_Exception.php">
        <class name="PinkCrab\Perique\Exceptions\DI_Container_Exception" namespace="PinkCrab\Perique\Exceptions">
          <metrics complexity="0" methods="0" coveredmethods="0" conditionals="0" coveredconditionals="0" statements="0" coveredstatements="0" elements="0" coveredelements="0"/>
        </class>
        <metrics loc="31" ncloc="12" classes="0" methods="0" coveredmethods="0" conditionals="0" coveredconditionals="0" statements="0" coveredstatements="0" elements="0" coveredelements="0"/>
      </file>
    </package>
    <file name="/shared/httpd/perique/htdocs/Perique-Framework/src/Interfaces/DI_Container.php">
      <metrics loc="57" ncloc="22" classes="0" methods="0" coveredmethods="0" conditionals="0" coveredconditionals="0" statements="0" coveredstatements="0" elements="0" coveredelements="0"/>
    </file>
    <file name="/shared/httpd/perique/htdocs/Perique-Framework/src/Interfaces/Hookable.php">
      <metrics loc="35" ncloc="12" classes="0" methods="0" coveredmethods="0" conditionals="0" coveredconditionals="0" statements="0" coveredstatements="0" elements="0" coveredelements="0"/>
    </file>
    <file name="/shared/httpd/perique/htdocs/Perique-Framework/src/Interfaces/Inject_App_Config.php">
      <metrics loc="37" ncloc="12" classes="0" methods="0" coveredmethods="0" conditionals="0" coveredconditionals="0" statements="0" coveredstatements="0" elements="0" coveredelements="0"/>
    </file>
    <file name="/shared/httpd/perique/htdocs/Perique-Framework/src/Interfaces/Inject_DI_Container.php">
      <metrics loc="37" ncloc="12" classes="0" methods="0" coveredmethods="0" conditionals="0" coveredconditionals="0" statements="0" coveredstatements="0" elements="0" coveredelements="0"/>
    </file>
    <file name="/shared/httpd/perique/htdocs/Perique-Framework/src/Interfaces/Inject_Hook_Loader.php">
      <metrics loc="38" ncloc="13" classes="0" methods="0" coveredmethods="0" conditionals="0" coveredconditionals="0" statements="0" coveredstatements="0" elements="0" coveredelements="0"/>
    </file>
    <file name="/shared/httpd/perique/htdocs/Perique-Framework/src/Interfaces/Registration_Middleware.php">
      <metrics loc="51" ncloc="19" classes="0" methods="0" coveredmethods="0" conditionals="0" coveredconditionals="0" statements="0" coveredstatements="0" elements="0" coveredelements="0"/>
    </file>
    <file name="/shared/httpd/perique/htdocs/Perique-Framework/src/Interfaces/Renderable.php">
      <metrics loc="35" ncloc="10" classes="0" methods="0" coveredmethods="0" conditionals="0" coveredconditionals="0" statements="0" coveredstatements="0" elements="0" coveredelements="0"/>
    </file>
    <package name="PinkCrab\Perique\Services\Container_Aware_Traits">
      <file name="/shared/httpd/perique/htdocs/Perique-Framework/src/Services/Container_Aware_Traits/Inject_App_Config_Aware.php">
        <class name="Inject_App_Config_Aware" namespace="PinkCrab\Perique\Services\Container_Aware_Traits">
          <metrics complexity="1" methods="1" coveredmethods="1" conditionals="0" coveredconditionals="0" statements="2" coveredstatements="2" elements="3" coveredelements="3"/>
        </class>
        <line num="44" type="method" name="set_app_config" visibility="public" complexity="1" crap="1" count="1"/>
        <line num="45" type="stmt" count="1"/>
        <line num="46" type="stmt" count="1"/>
        <metrics loc="48" ncloc="21" classes="1" methods="1" coveredmethods="1" conditionals="0" coveredconditionals="0" statements="2" coveredstatements="2" elements="3" coveredelements="3"/>
      </file>
      <file name="/shared/httpd/perique/htdocs/Perique-Framework/src/Services/Container_Aware_Traits/Inject_DI_Container_Aware.php">
        <class name="Inject_DI_Container_Aware" namespace="PinkCrab\Perique\Services\Container_Aware_Traits">
          <metrics complexity="1" methods="1" coveredmethods="1" conditionals="0" coveredconditionals="0" statements="2" coveredstatements="2" elements="3" coveredelements="3"/>
        </class>
        <line num="44" type="method" name="set_di_container" visibility="public" complexity="1" crap="1" count="1"/>
        <line num="45" type="stmt" count="1"/>
        <line num="46" type="stmt" count="1"/>
        <metrics loc="48" ncloc="21" classes="1" methods="1" coveredmethods="1" conditionals="0" coveredconditionals="0" statements="2" coveredstatements="2" elements="3" coveredelements="3"/>
      </file>
      <file name="/shared/httpd/perique/htdocs/Perique-Framework/src/Services/Container_Aware_Traits/Inject_Hook_Loader_Aware.php">
        <class name="Inject_Hook_Loader_Aware" namespace="PinkCrab\Perique\Services\Container_Aware_Traits">
          <metrics complexity="1" methods="1" coveredmethods="1" conditionals="0" coveredconditionals="0" statements="2" coveredstatements="2" elements="3" coveredelements="3"/>
        </class>
        <line num="44" type="method" name="set_hook_loader" visibility="public" complexity="1" crap="1" count="1"/>
        <line num="45" type="stmt" count="1"/>
        <line num="46" type="stmt" count="1"/>
        <metrics loc="48" ncloc="21" classes="1" methods="1" coveredmethods="1" conditionals="0" coveredconditionals="0" statements="2" coveredstatements="2" elements="3" coveredelements="3"/>
      </file>
    </package>
    <package name="PinkCrab\Perique\Services\Dice">
      <file name="/shared/httpd/perique/htdocs/Perique-Framework/src/Services/Dice/PinkCrab_Dice.php">
        <class name="PinkCrab\Perique\Services\Dice\PinkCrab_Dice" namespace="PinkCrab\Perique\Services\Dice">
          <metrics complexity="11" methods="7" coveredmethods="7" conditionals="0" coveredconditionals="0" statements="18" coveredstatements="18" elements="25" coveredelements="25"/>
        </class>
        <line num="46" type="method" name="__construct" visibility="public" complexity="1" crap="1" count="69"/>
        <line num="47" type="stmt" count="69"/>
        <line num="48" type="stmt" count="69"/>
        <line num="56" type="method" name="withDice" visibility="public" complexity="1" crap="1" count="17"/>
        <line num="57" type="stmt" count="17"/>
        <line num="67" type="method" name="get" visibility="public" complexity="2" crap="2" count="2"/>
        <line num="68" type="stmt" count="2"/>
        <line num="69" type="stmt" count="1"/>
        <line num="71" type="stmt" count="1"/>
        <line num="81" type="method" name="has" visibility="public" complexity="4" crap="4" count="4"/>
        <line num="82" type="stmt" count="4"/>
        <line num="84" type="stmt" count="4"/>
        <line num="85" type="stmt" count="4"/>
        <line num="86" type="stmt" count="1"/>
        <line num="90" type="stmt" count="4"/>
        <line num="91" type="stmt" count="2"/>
        <line num="95" type="stmt" count="3"/>
        <line num="105" type="method" name="addRule" visibility="public" complexity="1" crap="1" count="54"/>
        <line num="106" type="stmt" count="54"/>
        <line num="107" type="stmt" count="54"/>
        <line num="116" type="method" name="addRules" visibility="public" complexity="1" crap="1" count="12"/>
        <line num="117" type="stmt" count="12"/>
        <line num="118" type="stmt" count="12"/>
        <line num="128" type="method" name="create" visibility="public" complexity="1" crap="1" count="23"/>
        <line num="129" type="stmt" count="23"/>
        <metrics loc="131" ncloc="68" classes="1" methods="7" coveredmethods="7" conditionals="0" coveredconditionals="0" statements="18" coveredstatements="18" elements="25" coveredelements="25"/>
      </file>
    </package>
    <package name="PinkCrab\Perique\Services\Registration\Middleware">
      <file name="/shared/httpd/perique/htdocs/Perique-Framework/src/Services/Registration/Middleware/Hookable_Middleware.php">
        <class name="PinkCrab\Perique\Services\Registration\Middleware\Hookable_Middleware" namespace="PinkCrab\Perique\Services\Registration\Middleware">
          <metrics complexity="6" methods="2" coveredmethods="2" conditionals="0" coveredconditionals="0" statements="5" coveredstatements="5" elements="7" coveredelements="7"/>
        </class>
        <line num="44" type="method" name="set_hook_loader" visibility="public" complexity="1" crap="1" count="2"/>
        <line num="45" type="stmt" count="2"/>
        <line num="46" type="stmt" count="2"/>
        <line num="54" type="method" name="process" visibility="public" complexity="3" crap="3" count="1"/>
        <line num="55" type="stmt" count="1"/>
        <line num="57" type="stmt" count="1"/>
        <line num="59" type="stmt" count="1"/>
        <metrics loc="75" ncloc="35" classes="1" methods="2" coveredmethods="2" conditionals="0" coveredconditionals="0" statements="5" coveredstatements="5" elements="7" coveredelements="7"/>
      </file>
    </package>
    <package name="PinkCrab\Perique\Services\Registration">
      <file name="/shared/httpd/perique/htdocs/Perique-Framework/src/Services/Registration/Registration_Service.php">
        <class name="PinkCrab\Perique\Services\Registration\Registration_Service" namespace="PinkCrab\Perique\Services\Registration">
          <metrics complexity="12" methods="6" coveredmethods="6" conditionals="0" coveredconditionals="0" statements="23" coveredstatements="23" elements="29" coveredelements="29"/>
        </class>
        <line num="68" type="method" name="set_container" visibility="public" complexity="1" crap="1" count="56"/>
        <line num="69" type="stmt" count="56"/>
        <line num="70" type="stmt" count="56"/>
        <line num="79" type="method" name="set_loader" visibility="public" complexity="1" crap="1" count="12"/>
        <line num="80" type="stmt" count="12"/>
        <line num="81" type="stmt" count="12"/>
        <line num="90" type="method" name="push_middleware" visibility="public" complexity="1" crap="1" count="16"/>
        <line num="91" type="stmt" count="16"/>
        <line num="92" type="stmt" count="16"/>
        <line num="101" type="method" name="set_classes" visibility="public" complexity="1" crap="1" count="5"/>
        <line num="102" type="stmt" count="5"/>
        <line num="103" type="stmt" count="5"/>
        <line num="112" type="method" name="push_class" visibility="public" complexity="1" crap="1" count="2"/>
        <line num="113" type="stmt" count="2"/>
        <line num="114" type="stmt" count="2"/>
        <line num="122" type="method" name="process" visibility="public" complexity="7" crap="7" count="7"/>
        <line num="125" type="stmt" count="7"/>
        <line num="127" type="stmt" count="7"/>
        <line num="130" type="stmt" count="4"/>
        <line num="131" type="stmt" count="4"/>
        <line num="135" type="stmt" count="4"/>
        <line num="136" type="stmt" count="2"/>
        <line num="140" type="stmt" count="4"/>
        <line num="143" type="stmt" count="4"/>
        <line num="146" type="stmt" count="3"/>
        <line num="149" type="stmt" count="3"/>
        <line num="150" type="stmt" count="3"/>
        <line num="155" type="stmt" count="4"/>
        <line num="157" type="stmt" count="7"/>
        <metrics loc="159" ncloc="88" classes="1" methods="6" coveredmethods="6" conditionals="0" coveredconditionals="0" statements="23" coveredstatements="23" elements="29" coveredelements="29"/>
      </file>
    </package>
    <package name="PinkCrab\Perique\Services\View">
      <file name="/shared/httpd/perique/htdocs/Perique-Framework/src/Services/View/PHP_Engine.php">
        <class name="PinkCrab\Perique\Services\View\PHP_Engine" namespace="PinkCrab\Perique\Services\View">
          <metrics complexity="15" methods="7" coveredmethods="7" conditionals="0" coveredconditionals="0" statements="33" coveredstatements="33" elements="40" coveredelements="40"/>
        </class>
        <line num="44" type="method" name="__construct" visibility="public" complexity="1" crap="1" count="26"/>
        <line num="45" type="stmt" count="26"/>
        <line num="46" type="stmt" count="26"/>
        <line num="55" type="method" name="render" visibility="public" complexity="2" crap="2" count="12"/>
        <line num="56" type="stmt" count="12"/>
        <line num="57" type="stmt" count="10"/>
        <line num="59" type="stmt" count="4"/>
        <line num="61" type="stmt" count="9"/>
        <line num="71" type="method" name="partial" visibility="public" complexity="2" crap="2" count="4"/>
        <line num="72" type="stmt" count="4"/>
        <line num="73" type="stmt" count="3"/>
        <line num="75" type="stmt" count="1"/>
        <line num="77" type="stmt" count="3"/>
        <line num="87" type="method" name="render_buffer" visibility="protected" complexity="5" crap="5" count="12"/>
        <line num="89" type="stmt" count="12"/>
        <line num="90" type="stmt" count="1"/>
        <line num="93" type="stmt" count="11"/>
        <line num="94" type="stmt" count="11"/>
        <line num="97" type="stmt" count="11"/>
        <line num="98" type="stmt" count="11"/>
        <line num="99" type="stmt" count="11"/>
        <line num="103" type="stmt" count="11"/>
        <line num="104" type="stmt" count="11"/>
        <line num="105" type="stmt" count="11"/>
        <line num="106" type="stmt" count="11"/>
        <line num="115" type="method" name="clean_filename" visibility="protected" complexity="2" crap="2" count="12"/>
        <line num="116" type="stmt" count="12"/>
        <line num="117" type="stmt" count="12"/>
        <line num="118" type="stmt" count="2"/>
        <line num="119" type="stmt" count="12"/>
        <line num="129" type="method" name="resolve_file_path" visibility="protected" complexity="1" crap="1" count="12"/>
        <line num="130" type="stmt" count="12"/>
        <line num="131" type="stmt" count="12"/>
        <line num="132" type="stmt" count="12"/>
        <line num="133" type="stmt" count="12"/>
        <line num="145" type="method" name="verify_view_path" visibility="protected" complexity="2" crap="2" count="26"/>
        <line num="147" type="stmt" count="26"/>
        <line num="149" type="stmt" count="26"/>
        <line num="150" type="stmt" count="1"/>
        <line num="153" type="stmt" count="26"/>
        <metrics loc="155" ncloc="92" classes="1" methods="7" coveredmethods="7" conditionals="0" coveredconditionals="0" statements="33" coveredstatements="33" elements="40" coveredelements="40"/>
      </file>
      <file name="/shared/httpd/perique/htdocs/Perique-Framework/src/Services/View/View.php">
        <class name="PinkCrab\Perique\Services\View\View" namespace="PinkCrab\Perique\Services\View">
          <metrics complexity="6" methods="4" coveredmethods="4" conditionals="0" coveredconditionals="0" statements="12" coveredstatements="12" elements="16" coveredelements="16"/>
        </class>
        <line num="53" type="method" name="__construct" visibility="public" complexity="1" crap="1" count="7"/>
        <line num="54" type="stmt" count="7"/>
        <line num="55" type="stmt" count="7"/>
        <line num="65" type="method" name="render" visibility="public" complexity="2" crap="2" count="3"/>
        <line num="66" type="stmt" count="3"/>
        <line num="67" type="stmt" count="2"/>
        <line num="69" type="stmt" count="1"/>
        <line num="71" type="stmt" count="2"/>
        <line num="79" type="method" name="print_buffer" visibility="public" complexity="2" crap="2" count="1"/>
        <line num="80" type="stmt" count="1"/>
        <line num="81" type="stmt" count="1"/>
        <line num="82" type="stmt" count="1"/>
        <line num="83" type="stmt" count="1"/>
        <line num="84" type="stmt" count="1"/>
        <line num="92" type="method" name="engine" visibility="public" complexity="1" crap="1" count="3"/>
        <line num="93" type="stmt" count="3"/>
        <metrics loc="96" ncloc="50" classes="1" methods="4" coveredmethods="4" conditionals="0" coveredconditionals="0" statements="12" coveredstatements="12" elements="16" coveredelements="16"/>
      </file>
    </package>
    <metrics files="23" loc="2407" ncloc="1337" classes="14" methods="92" coveredmethods="92" conditionals="0" coveredconditionals="0" statements="351" coveredstatements="351" elements="443" coveredelements="443"/>
  </project>
</coverage>
