<?xml version="1.0" encoding="UTF-8"?>
<coverage generated="1614252980">
  <project timestamp="1614252980">
    <package name="PinkCrab\Core\Application">
      <file name="/shared/httpd/php/htdocs/pc_core/src/Application/App.php">
        <class name="PinkCrab\Core\Application\App" namespace="PinkCrab\Core\Application">
          <metrics complexity="22" methods="10" coveredmethods="10" conditionals="0" coveredconditionals="0" statements="31" coveredstatements="31" elements="41" coveredelements="41"/>
        </class>
        <line num="46" type="method" name="__construct" visibility="protected" complexity="1" crap="1" count="1"/>
        <line num="47" type="stmt" count="1"/>
        <line num="48" type="stmt" count="1"/>
        <line num="49" type="stmt" count="1"/>
        <line num="59" type="method" name="__wakeup" visibility="public" complexity="1" crap="1" count="1"/>
        <line num="60" type="stmt" count="1"/>
        <line num="68" type="method" name="init" visibility="public" complexity="2" crap="2" count="8"/>
        <line num="69" type="stmt" count="8"/>
        <line num="70" type="stmt" count="1"/>
        <line num="72" type="stmt" count="8"/>
        <line num="81" type="method" name="get_instance" visibility="public" complexity="4" crap="4" count="7"/>
        <line num="83" type="stmt" count="7"/>
        <line num="84" type="stmt" count="7"/>
        <line num="86" type="stmt" count="1"/>
        <line num="87" type="stmt" count="1"/>
        <line num="89" type="stmt" count="7"/>
        <line num="113" type="method" name="get" visibility="public" complexity="3" crap="3" count="9"/>
        <line num="115" type="stmt" count="9"/>
        <line num="116" type="stmt" count="1"/>
        <line num="119" type="stmt" count="8"/>
        <line num="120" type="stmt" count="1"/>
        <line num="123" type="stmt" count="7"/>
        <line num="133" type="method" name="set" visibility="public" complexity="1" crap="1" count="3"/>
        <line num="134" type="stmt" count="3"/>
        <line num="135" type="stmt" count="3"/>
        <line num="146" type="method" name="__callStatic" visibility="public" complexity="2" crap="2" count="2"/>
        <line num="149" type="stmt" count="2"/>
        <line num="150" type="stmt" count="1"/>
        <line num="152" type="stmt" count="1"/>
        <line num="162" type="method" name="retreive" visibility="public" complexity="2" crap="2" count="3"/>
        <line num="165" type="stmt" count="3"/>
        <line num="166" type="stmt" count="1"/>
        <line num="168" type="stmt" count="2"/>
        <line num="179" type="method" name="make" visibility="public" complexity="2" crap="2" count="5"/>
        <line num="182" type="stmt" count="5"/>
        <line num="183" type="stmt" count="1"/>
        <line num="185" type="stmt" count="4"/>
        <line num="196" type="method" name="config" visibility="public" complexity="2" crap="2" count="2"/>
        <line num="199" type="stmt" count="2"/>
        <line num="200" type="stmt" count="1"/>
        <line num="202" type="stmt" count="1"/>
        <metrics loc="204" ncloc="90" classes="1" methods="10" coveredmethods="10" conditionals="0" coveredconditionals="0" statements="31" coveredstatements="31" elements="41" coveredelements="41"/>
      </file>
      <file name="/shared/httpd/php/htdocs/pc_core/src/Application/App_Config.php">
        <class name="PinkCrab\Core\Application\App_Config" namespace="PinkCrab\Core\Application" fullPackage="App">
          <metrics complexity="46" methods="16" coveredmethods="16" conditionals="0" coveredconditionals="0" statements="83" coveredstatements="83" elements="99" coveredelements="99"/>
        </class>
        <line num="71" type="method" name="__construct" visibility="public" complexity="1" crap="1" count="24"/>
        <line num="72" type="stmt" count="24"/>
        <line num="73" type="stmt" count="24"/>
        <line num="74" type="stmt" count="20"/>
        <line num="82" type="method" name="set_defaults" visibility="private" complexity="1" crap="1" count="24"/>
        <line num="83" type="stmt" count="24"/>
        <line num="92" type="method" name="set_props" visibility="private" complexity="1" crap="1" count="24"/>
        <line num="93" type="stmt" count="24"/>
        <line num="94" type="stmt" count="24"/>
        <line num="95" type="stmt" count="24"/>
        <line num="96" type="stmt" count="24"/>
        <line num="97" type="stmt" count="24"/>
        <line num="98" type="stmt" count="24"/>
        <line num="100" type="stmt" count="24"/>
        <line num="101" type="stmt" count="22"/>
        <line num="102" type="stmt" count="20"/>
        <line num="110" type="method" name="path" visibility="public" complexity="4" crap="4" count="3"/>
        <line num="112" type="stmt" count="3"/>
        <line num="113" type="stmt" count="1"/>
        <line num="116" type="stmt" count="2"/>
        <line num="117" type="stmt" count="1"/>
        <line num="118" type="stmt" count="2"/>
        <line num="127" type="method" name="url" visibility="public" complexity="4" crap="4" count="3"/>
        <line num="129" type="stmt" count="3"/>
        <line num="130" type="stmt" count="1"/>
        <line num="133" type="stmt" count="2"/>
        <line num="134" type="stmt" count="1"/>
        <line num="135" type="stmt" count="2"/>
        <line num="143" type="method" name="rest" visibility="public" complexity="1" crap="1" count="1"/>
        <line num="144" type="stmt" count="1"/>
        <line num="152" type="method" name="cache" visibility="public" complexity="1" crap="1" count="1"/>
        <line num="153" type="stmt" count="1"/>
        <line num="162" type="method" name="namespace" visibility="public" complexity="3" crap="3" count="3"/>
        <line num="163" type="stmt" count="3"/>
        <line num="164" type="stmt" count="3"/>
        <line num="173" type="method" name=" \additional" visibility="public" complexity="2" crap="2" count="1"/>
        <line num="174" type="stmt" count="1"/>
        <line num="175" type="stmt" count="1"/>
        <line num="185" type="method" name=" \post_types" visibility="public" complexity="7" crap="7" count="4"/>
        <line num="186" type="stmt" count="4"/>
        <line num="187" type="stmt" count="1"/>
        <line num="190" type="stmt" count="3"/>
        <line num="191" type="stmt" count="1"/>
        <line num="194" type="stmt" count="2"/>
        <line num="195" type="stmt" count="1"/>
        <line num="198" type="stmt" count="1"/>
        <line num="199" type="stmt" count="1"/>
        <line num="200" type="stmt" count="1"/>
        <line num="210" type="method" name=" \set_post_types" visibility="protected" complexity="5" crap="5" count="24"/>
        <line num="211" type="stmt" count="24"/>
        <line num="213" type="stmt" count="21"/>
        <line num="214" type="stmt" count="1"/>
        <line num="217" type="stmt" count="20"/>
        <line num="218" type="stmt" count="1"/>
        <line num="221" type="stmt" count="19"/>
        <line num="222" type="stmt" count="19"/>
        <line num="223" type="stmt" count="19"/>
        <line num="226" type="stmt" count="22"/>
        <line num="235" type="method" name=" \taxonomies" visibility="public" complexity="7" crap="7" count="4"/>
        <line num="236" type="stmt" count="4"/>
        <line num="237" type="stmt" count="1"/>
        <line num="240" type="stmt" count="3"/>
        <line num="241" type="stmt" count="1"/>
        <line num="244" type="stmt" count="2"/>
        <line num="245" type="stmt" count="1"/>
        <line num="248" type="stmt" count="1"/>
        <line num="249" type="stmt" count="1"/>
        <line num="250" type="stmt" count="1"/>
        <line num="260" type="method" name=" \set_taxonomies" visibility="protected" complexity="5" crap="5" count="22"/>
        <line num="261" type="stmt" count="22"/>
        <line num="263" type="stmt" count="21"/>
        <line num="264" type="stmt" count="1"/>
        <line num="267" type="stmt" count="20"/>
        <line num="268" type="stmt" count="1"/>
        <line num="271" type="stmt" count="19"/>
        <line num="272" type="stmt" count="19"/>
        <line num="273" type="stmt" count="19"/>
        <line num="276" type="stmt" count="20"/>
        <line num="285" type="method" name=" \db_tables" visibility="public" complexity="2" crap="2" count="2"/>
        <line num="286" type="stmt" count="2"/>
        <line num="287" type="stmt" count="1"/>
        <line num="289" type="stmt" count="1"/>
        <line num="298" type="method" name=" \__get" visibility="public" complexity="1" crap="1" count="1"/>
        <line num="299" type="stmt" count="1"/>
        <line num="307" type="method" name=" \settings_defaults" visibility="private" complexity="1" crap="1" count="24"/>
        <line num="308" type="stmt" count="24"/>
        <line num="309" type="stmt" count="24"/>
        <line num="310" type="stmt" count="24"/>
        <line num="314" type="stmt" count="24"/>
        <line num="317" type="stmt" count="24"/>
        <line num="318" type="stmt" count="24"/>
        <line num="319" type="stmt" count="24"/>
        <line num="320" type="stmt" count="24"/>
        <line num="321" type="stmt" count="24"/>
        <line num="324" type="stmt" count="24"/>
        <line num="325" type="stmt" count="24"/>
        <line num="326" type="stmt" count="24"/>
        <line num="327" type="stmt" count="24"/>
        <line num="328" type="stmt" count="24"/>
        <metrics loc="341" ncloc="195" classes="1" methods="16" coveredmethods="16" conditionals="0" coveredconditionals="0" statements="83" coveredstatements="83" elements="99" coveredelements="99"/>
      </file>
      <file name="/shared/httpd/php/htdocs/pc_core/src/Application/Config.php">
        <class name="PinkCrab\Core\Application\Config" namespace="PinkCrab\Core\Application">
          <metrics complexity="2" methods="1" coveredmethods="1" conditionals="0" coveredconditionals="0" statements="3" coveredstatements="3" elements="4" coveredelements="4"/>
        </class>
        <line num="37" type="method" name="__callStatic" visibility="public" complexity="2" crap="2" count="1"/>
        <line num="38" type="stmt" count="1"/>
        <line num="40" type="stmt" count="1"/>
        <line num="43" type="stmt" count="1"/>
        <metrics loc="45" ncloc="23" classes="1" methods="1" coveredmethods="1" conditionals="0" coveredconditionals="0" statements="3" coveredstatements="3" elements="4" coveredelements="4"/>
      </file>
    </package>
    <package name="PinkCrab\Core\Collection">
      <file name="/shared/httpd/php/htdocs/pc_core/src/Collection/Collection.php">
        <class name="PinkCrab\Core\Collection\Collection" namespace="PinkCrab\Core\Collection">
          <metrics complexity="49" methods="25" coveredmethods="25" conditionals="0" coveredconditionals="0" statements="63" coveredstatements="63" elements="88" coveredelements="88"/>
        </class>
        <line num="47" type="method" name="__construct" visibility="public" complexity="1" crap="1" count="50"/>
        <line num="48" type="stmt" count="50"/>
        <line num="49" type="stmt" count="50"/>
        <line num="57" type="method" name="map_construct" visibility="protected" complexity="1" crap="1" count="50"/>
        <line num="58" type="stmt" count="50"/>
        <line num="67" type="method" name="from" visibility="public" complexity="1" crap="1" count="31"/>
        <line num="68" type="stmt" count="31"/>
        <line num="78" type="method" name="apply" visibility="public" complexity="2" crap="2" count="10"/>
        <line num="79" type="stmt" count="10"/>
        <line num="80" type="stmt" count="10"/>
        <line num="82" type="stmt" count="10"/>
        <line num="91" type="method" name="each" visibility="public" complexity="2" crap="2" count="1"/>
        <line num="92" type="stmt" count="1"/>
        <line num="93" type="stmt" count="1"/>
        <line num="95" type="stmt" count="1"/>
        <line num="104" type="method" name="filter" visibility="public" complexity="1" crap="1" count="1"/>
        <line num="105" type="stmt" count="1"/>
        <line num="114" type="method" name="map" visibility="public" complexity="1" crap="1" count="1"/>
        <line num="115" type="stmt" count="1"/>
        <line num="125" type="method" name="reduce" visibility="public" complexity="1" crap="1" count="1"/>
        <line num="126" type="stmt" count="1"/>
        <line num="127" type="stmt" count="1"/>
        <line num="129" type="stmt" count="1"/>
        <line num="130" type="stmt" count="1"/>
        <line num="142" type="method" name="merge" visibility="public" complexity="5" crap="5" count="3"/>
        <line num="143" type="stmt" count="3"/>
        <line num="144" type="stmt" count="1"/>
        <line num="146" type="stmt" count="2"/>
        <line num="147" type="stmt" count="2"/>
        <line num="148" type="stmt" count="2"/>
        <line num="149" type="stmt" count="2"/>
        <line num="160" type="method" name="push" visibility="public" complexity="2" crap="2" count="12"/>
        <line num="161" type="stmt" count="12"/>
        <line num="162" type="stmt" count="12"/>
        <line num="164" type="stmt" count="12"/>
        <line num="173" type="method" name="pop" visibility="public" complexity="2" crap="2" count="5"/>
        <line num="174" type="stmt" count="5"/>
        <line num="175" type="stmt" count="1"/>
        <line num="177" type="stmt" count="4"/>
        <line num="186" type="method" name="shift" visibility="public" complexity="2" crap="2" count="7"/>
        <line num="187" type="stmt" count="7"/>
        <line num="188" type="stmt" count="1"/>
        <line num="190" type="stmt" count="6"/>
        <line num="199" type="method" name="unshift" visibility="public" complexity="2" crap="2" count="2"/>
        <line num="200" type="stmt" count="2"/>
        <line num="201" type="stmt" count="2"/>
        <line num="203" type="stmt" count="2"/>
        <line num="211" type="method" name="to_array" visibility="public" complexity="1" crap="1" count="19"/>
        <line num="212" type="stmt" count="19"/>
        <line num="220" type="method" name="is_empty" visibility="public" complexity="1" crap="1" count="1"/>
        <line num="221" type="stmt" count="1"/>
        <line num="230" type="method" name="contains" visibility="public" complexity="3" crap="3" count="1"/>
        <line num="231" type="stmt" count="1"/>
        <line num="232" type="stmt" count="1"/>
        <line num="233" type="stmt" count="1"/>
        <line num="236" type="stmt" count="1"/>
        <line num="245" type="method" name="join" visibility="public" complexity="1" crap="1" count="1"/>
        <line num="246" type="stmt" count="1"/>
        <line num="254" type="method" name="count" visibility="public" complexity="1" crap="1" count="5"/>
        <line num="255" type="stmt" count="5"/>
        <line num="264" type="method" name="clear" visibility="public" complexity="1" crap="1" count="1"/>
        <line num="265" type="stmt" count="1"/>
        <line num="266" type="stmt" count="1"/>
        <line num="274" type="method" name="copy" visibility="public" complexity="1" crap="1" count="1"/>
        <line num="275" type="stmt" count="1"/>
        <line num="284" type="method" name="sort" visibility="public" complexity="3" crap="3" count="2"/>
        <line num="285" type="stmt" count="2"/>
        <line num="286" type="stmt" count="1"/>
        <line num="288" type="stmt" count="2"/>
        <line num="291" type="stmt" count="2"/>
        <line num="300" type="method" name="sorted" visibility="public" complexity="2" crap="2" count="1"/>
        <line num="301" type="stmt" count="1"/>
        <line num="311" type="method" name="slice" visibility="public" complexity="2" crap="2" count="1"/>
        <line num="312" type="stmt" count="1"/>
        <line num="322" type="method" name="diff" visibility="public" complexity="5" crap="5" count="2"/>
        <line num="324" type="stmt" count="2"/>
        <line num="325" type="stmt" count="1"/>
        <line num="328" type="stmt" count="1"/>
        <line num="329" type="stmt" count="1"/>
        <line num="330" type="stmt" count="1"/>
        <line num="331" type="stmt" count="1"/>
        <line num="342" type="method" name="intersect" visibility="public" complexity="5" crap="5" count="2"/>
        <line num="344" type="stmt" count="2"/>
        <line num="345" type="stmt" count="1"/>
        <line num="348" type="stmt" count="1"/>
        <line num="349" type="stmt" count="1"/>
        <line num="350" type="stmt" count="1"/>
        <line num="351" type="stmt" count="1"/>
        <metrics loc="358" ncloc="183" classes="1" methods="25" coveredmethods="25" conditionals="0" coveredconditionals="0" statements="63" coveredstatements="63" elements="88" coveredelements="88"/>
      </file>
    </package>
    <package name="PinkCrab\Core\Collection\Traits">
      <file name="/shared/httpd/php/htdocs/pc_core/src/Collection/Traits/Indexed.php">
        <class name="Indexed" namespace="PinkCrab\Core\Collection\Traits">
          <metrics complexity="7" methods="5" coveredmethods="5" conditionals="0" coveredconditionals="0" statements="12" coveredstatements="12" elements="17" coveredelements="17"/>
        </class>
        <line num="37" type="method" name="has" visibility="public" complexity="1" crap="1" count="2"/>
        <line num="38" type="stmt" count="2"/>
        <line num="48" type="method" name="get" visibility="public" complexity="2" crap="2" count="3"/>
        <line num="49" type="stmt" count="3"/>
        <line num="50" type="stmt" count="1"/>
        <line num="53" type="stmt" count="2"/>
        <line num="63" type="method" name="set" visibility="public" complexity="1" crap="1" count="1"/>
        <line num="64" type="stmt" count="1"/>
        <line num="65" type="stmt" count="1"/>
        <line num="75" type="method" name="find" visibility="public" complexity="1" crap="1" count="1"/>
        <line num="76" type="stmt" count="1"/>
        <line num="86" type="method" name="remove" visibility="public" complexity="2" crap="2" count="2"/>
        <line num="87" type="stmt" count="2"/>
        <line num="88" type="stmt" count="1"/>
        <line num="92" type="stmt" count="1"/>
        <line num="93" type="stmt" count="1"/>
        <line num="94" type="stmt" count="1"/>
        <metrics loc="96" ncloc="40" classes="1" methods="5" coveredmethods="5" conditionals="0" coveredconditionals="0" statements="12" coveredstatements="12" elements="17" coveredelements="17"/>
      </file>
      <file name="/shared/httpd/php/htdocs/pc_core/src/Collection/Traits/JsonSerialize.php">
        <class name="JsonSerialize" namespace="PinkCrab\Core\Collection\Traits">
          <metrics complexity="1" methods="1" coveredmethods="1" conditionals="0" coveredconditionals="0" statements="1" coveredstatements="1" elements="2" coveredelements="2"/>
        </class>
        <line num="39" type="method" name="jsonSerialize" visibility="public" complexity="1" crap="1" count="1"/>
        <line num="40" type="stmt" count="1"/>
        <metrics loc="42" ncloc="13" classes="1" methods="1" coveredmethods="1" conditionals="0" coveredconditionals="0" statements="1" coveredstatements="1" elements="2" coveredelements="2"/>
      </file>
      <file name="/shared/httpd/php/htdocs/pc_core/src/Collection/Traits/Sequence.php">
        <class name="Sequence" namespace="PinkCrab\Core\Collection\Traits">
          <metrics complexity="12" methods="6" coveredmethods="6" conditionals="0" coveredconditionals="0" statements="17" coveredstatements="17" elements="23" coveredelements="23"/>
        </class>
        <line num="37" type="method" name="reverse" visibility="public" complexity="1" crap="1" count="1"/>
        <line num="38" type="stmt" count="1"/>
        <line num="39" type="stmt" count="1"/>
        <line num="47" type="method" name="reversed" visibility="public" complexity="1" crap="1" count="1"/>
        <line num="48" type="stmt" count="1"/>
        <line num="57" type="method" name="rotate" visibility="public" complexity="5" crap="5" count="1"/>
        <line num="59" type="stmt" count="1"/>
        <line num="60" type="stmt" count="1"/>
        <line num="61" type="stmt" count="1"/>
        <line num="63" type="stmt" count="1"/>
        <line num="64" type="stmt" count="1"/>
        <line num="65" type="stmt" count="1"/>
        <line num="69" type="stmt" count="1"/>
        <line num="78" type="method" name="first" visibility="public" complexity="2" crap="2" count="2"/>
        <line num="79" type="stmt" count="2"/>
        <line num="80" type="stmt" count="1"/>
        <line num="82" type="stmt" count="1"/>
        <line num="91" type="method" name="last" visibility="public" complexity="2" crap="2" count="2"/>
        <line num="92" type="stmt" count="2"/>
        <line num="93" type="stmt" count="1"/>
        <line num="95" type="stmt" count="1"/>
        <line num="103" type="method" name="sum" visibility="public" complexity="1" crap="1" count="2"/>
        <line num="104" type="stmt" count="2"/>
        <metrics loc="106" ncloc="53" classes="1" methods="6" coveredmethods="6" conditionals="0" coveredconditionals="0" statements="17" coveredstatements="17" elements="23" coveredelements="23"/>
      </file>
    </package>
    <file name="/shared/httpd/php/htdocs/pc_core/src/Interfaces/Registerable.php">
      <metrics loc="28" ncloc="9" classes="0" methods="0" coveredmethods="0" conditionals="0" coveredconditionals="0" statements="0" coveredstatements="0" elements="0" coveredelements="0"/>
    </file>
    <file name="/shared/httpd/php/htdocs/pc_core/src/Interfaces/Renderable.php">
      <metrics loc="35" ncloc="8" classes="0" methods="0" coveredmethods="0" conditionals="0" coveredconditionals="0" statements="0" coveredstatements="0" elements="0" coveredelements="0"/>
    </file>
    <file name="/shared/httpd/php/htdocs/pc_core/src/Interfaces/Service_Container.php">
      <metrics loc="25" ncloc="12" classes="0" methods="0" coveredmethods="0" conditionals="0" coveredconditionals="0" statements="0" coveredstatements="0" elements="0" coveredelements="0"/>
    </file>
    <package name="PinkCrab\Core\Services\Dice">
      <file name="/shared/httpd/php/htdocs/pc_core/src/Services/Dice/WP_Dice.php">
        <class name="PinkCrab\Core\Services\Dice\WP_Dice" namespace="PinkCrab\Core\Services\Dice" fullPackage="WP">
          <metrics complexity="5" methods="5" coveredmethods="5" conditionals="0" coveredconditionals="0" statements="8" coveredstatements="8" elements="13" coveredelements="13"/>
        </class>
        <line num="44" type="method" name="__construct" visibility="public" complexity="1" crap="1" count="4"/>
        <line num="45" type="stmt" count="4"/>
        <line num="46" type="stmt" count="4"/>
        <line num="55" type="method" name="constructWith" visibility="public" complexity="1" crap="1" count="4"/>
        <line num="56" type="stmt" count="4"/>
        <line num="66" type="method" name="addRule" visibility="public" complexity="1" crap="1" count="1"/>
        <line num="67" type="stmt" count="1"/>
        <line num="68" type="stmt" count="1"/>
        <line num="77" type="method" name="addRules" visibility="public" complexity="1" crap="1" count="1"/>
        <line num="78" type="stmt" count="1"/>
        <line num="79" type="stmt" count="1"/>
        <line num="89" type="method" name="create" visibility="public" complexity="1" crap="1" count="7"/>
        <line num="90" type="stmt" count="7"/>
        <metrics loc="92" ncloc="31" classes="1" methods="5" coveredmethods="5" conditionals="0" coveredconditionals="0" statements="8" coveredstatements="8" elements="13" coveredelements="13"/>
      </file>
    </package>
    <package name="PinkCrab\Core\Services\Registration">
      <file name="/shared/httpd/php/htdocs/pc_core/src/Services/Registration/Hook_Removal.php">
        <class name="PinkCrab\Core\Services\Registration\Hook_Removal" namespace="PinkCrab\Core\Services\Registration" fullPackage="Hook">
          <metrics complexity="24" methods="8" coveredmethods="7" conditionals="0" coveredconditionals="0" statements="40" coveredstatements="39" elements="48" coveredelements="46"/>
        </class>
        <line num="60" type="method" name="__construct" visibility="public" complexity="1" crap="1" count="8"/>
        <line num="61" type="stmt" count="8"/>
        <line num="62" type="stmt" count="8"/>
        <line num="63" type="stmt" count="8"/>
        <line num="64" type="stmt" count="8"/>
        <line num="65" type="stmt" count="8"/>
        <line num="72" type="method" name="remove" visibility="public" complexity="9" crap="9" count="8"/>
        <line num="73" type="stmt" count="8"/>
        <line num="74" type="stmt" count="1"/>
        <line num="77" type="stmt" count="7"/>
        <line num="79" type="stmt" count="7"/>
        <line num="81" type="stmt" count="7"/>
        <line num="82" type="stmt" count="7"/>
        <line num="83" type="stmt" count="7"/>
        <line num="84" type="stmt" count="5"/>
        <line num="85" type="stmt" count="5"/>
        <line num="89" type="stmt" count="7"/>
        <line num="90" type="stmt" count="7"/>
        <line num="91" type="stmt" count="2"/>
        <line num="92" type="stmt" count="2"/>
        <line num="97" type="stmt" count="7"/>
        <line num="106" type="method" name="matching_function_callback" visibility="protected" complexity="3" crap="3" count="2"/>
        <line num="107" type="stmt" count="2"/>
        <line num="108" type="stmt" count="2"/>
        <line num="109" type="stmt" count="2"/>
        <line num="120" type="method" name="matching_class_callback" visibility="protected" complexity="4" crap="4" count="5"/>
        <line num="121" type="stmt" count="5"/>
        <line num="122" type="stmt" count="2"/>
        <line num="123" type="stmt" count="5"/>
        <line num="125" type="stmt" count="5"/>
        <line num="127" type="stmt" count="5"/>
        <line num="128" type="stmt" count="5"/>
        <line num="129" type="stmt" count="5"/>
        <line num="137" type="method" name="registered_hooks" visibility="protected" complexity="1" crap="1" count="7"/>
        <line num="138" type="stmt" count="7"/>
        <line num="139" type="stmt" count="7"/>
        <line num="141" type="stmt" count="7"/>
        <line num="142" type="stmt" count="7"/>
        <line num="151" type="method" name="get_callback_as_array" visibility="protected" complexity="3" crap="3.14" count="5"/>
        <line num="152" type="stmt" count="5"/>
        <line num="154" type="stmt" count="0"/>
        <line num="160" type="stmt" count="5"/>
        <line num="161" type="stmt" count="5"/>
        <line num="170" type="method" name="is_callback_closure" visibility="protected" complexity="1" crap="1" count="8"/>
        <line num="171" type="stmt" count="8"/>
        <line num="179" type="method" name="has_hook" visibility="protected" complexity="2" crap="2" count="8"/>
        <line num="180" type="stmt" count="8"/>
        <line num="181" type="stmt" count="8"/>
        <metrics loc="183" ncloc="100" classes="1" methods="8" coveredmethods="7" conditionals="0" coveredconditionals="0" statements="40" coveredstatements="39" elements="48" coveredelements="46"/>
      </file>
      <file name="/shared/httpd/php/htdocs/pc_core/src/Services/Registration/Loader.php">
        <class name="PinkCrab\Core\Services\Registration\Loader" namespace="PinkCrab\Core\Services\Registration">
          <metrics complexity="29" methods="16" coveredmethods="15" conditionals="0" coveredconditionals="0" statements="134" coveredstatements="127" elements="150" coveredelements="142"/>
        </class>
        <line num="88" type="method" name="__construct" visibility="public" complexity="1" crap="1" count="4"/>
        <line num="89" type="stmt" count="4"/>
        <line num="90" type="stmt" count="4"/>
        <line num="91" type="stmt" count="4"/>
        <line num="92" type="stmt" count="4"/>
        <line num="93" type="stmt" count="4"/>
        <line num="94" type="stmt" count="4"/>
        <line num="95" type="stmt" count="4"/>
        <line num="102" type="method" name="boot" visibility="public" complexity="2" crap="2" count="11"/>
        <line num="103" type="stmt" count="11"/>
        <line num="104" type="stmt" count="1"/>
        <line num="106" type="stmt" count="11"/>
        <line num="118" type="method" name="admin_action" visibility="public" complexity="1" crap="1" count="2"/>
        <line num="119" type="stmt" count="2"/>
        <line num="121" type="stmt" count="2"/>
        <line num="122" type="stmt" count="2"/>
        <line num="123" type="stmt" count="2"/>
        <line num="124" type="stmt" count="2"/>
        <line num="125" type="stmt" count="2"/>
        <line num="128" type="stmt" count="2"/>
        <line num="139" type="method" name="admin_filter" visibility="public" complexity="1" crap="1" count="1"/>
        <line num="140" type="stmt" count="1"/>
        <line num="142" type="stmt" count="1"/>
        <line num="143" type="stmt" count="1"/>
        <line num="144" type="stmt" count="1"/>
        <line num="145" type="stmt" count="1"/>
        <line num="146" type="stmt" count="1"/>
        <line num="149" type="stmt" count="1"/>
        <line num="160" type="method" name="front_action" visibility="public" complexity="1" crap="1" count="1"/>
        <line num="161" type="stmt" count="1"/>
        <line num="163" type="stmt" count="1"/>
        <line num="164" type="stmt" count="1"/>
        <line num="165" type="stmt" count="1"/>
        <line num="166" type="stmt" count="1"/>
        <line num="167" type="stmt" count="1"/>
        <line num="170" type="stmt" count="1"/>
        <line num="181" type="method" name="front_filter" visibility="public" complexity="1" crap="1" count="1"/>
        <line num="182" type="stmt" count="1"/>
        <line num="184" type="stmt" count="1"/>
        <line num="185" type="stmt" count="1"/>
        <line num="186" type="stmt" count="1"/>
        <line num="187" type="stmt" count="1"/>
        <line num="188" type="stmt" count="1"/>
        <line num="191" type="stmt" count="1"/>
        <line num="202" type="method" name="action" visibility="public" complexity="1" crap="1" count="2"/>
        <line num="203" type="stmt" count="2"/>
        <line num="205" type="stmt" count="2"/>
        <line num="206" type="stmt" count="2"/>
        <line num="207" type="stmt" count="2"/>
        <line num="208" type="stmt" count="2"/>
        <line num="209" type="stmt" count="2"/>
        <line num="212" type="stmt" count="2"/>
        <line num="223" type="method" name="filter" visibility="public" complexity="1" crap="1" count="1"/>
        <line num="224" type="stmt" count="1"/>
        <line num="226" type="stmt" count="1"/>
        <line num="227" type="stmt" count="1"/>
        <line num="228" type="stmt" count="1"/>
        <line num="229" type="stmt" count="1"/>
        <line num="230" type="stmt" count="1"/>
        <line num="233" type="stmt" count="1"/>
        <line num="242" type="method" name="shortcode" visibility="public" complexity="1" crap="1" count="1"/>
        <line num="243" type="stmt" count="1"/>
        <line num="245" type="stmt" count="1"/>
        <line num="246" type="stmt" count="1"/>
        <line num="249" type="stmt" count="1"/>
        <line num="260" type="method" name="ajax" visibility="public" complexity="1" crap="1" count="1"/>
        <line num="261" type="stmt" count="1"/>
        <line num="263" type="stmt" count="1"/>
        <line num="264" type="stmt" count="1"/>
        <line num="265" type="stmt" count="1"/>
        <line num="266" type="stmt" count="1"/>
        <line num="269" type="stmt" count="1"/>
        <line num="280" type="method" name="remove_action" visibility="public" complexity="1" crap="1" count="1"/>
        <line num="281" type="stmt" count="1"/>
        <line num="283" type="stmt" count="1"/>
        <line num="284" type="stmt" count="1"/>
        <line num="285" type="stmt" count="1"/>
        <line num="286" type="stmt" count="1"/>
        <line num="287" type="stmt" count="1"/>
        <line num="290" type="stmt" count="1"/>
        <line num="301" type="method" name="remove_filter" visibility="public" complexity="1" crap="1" count="1"/>
        <line num="302" type="stmt" count="1"/>
        <line num="304" type="stmt" count="1"/>
        <line num="305" type="stmt" count="1"/>
        <line num="306" type="stmt" count="1"/>
        <line num="307" type="stmt" count="1"/>
        <line num="308" type="stmt" count="1"/>
        <line num="311" type="stmt" count="1"/>
        <line num="322" type="method" name="remove" visibility="public" complexity="1" crap="2.00" count="0"/>
        <line num="323" type="stmt" count="0"/>
        <line num="325" type="stmt" count="0"/>
        <line num="326" type="stmt" count="0"/>
        <line num="327" type="stmt" count="0"/>
        <line num="328" type="stmt" count="0"/>
        <line num="329" type="stmt" count="0"/>
        <line num="332" type="stmt" count="0"/>
        <line num="339" type="method" name="register_hooks" visibility="public" complexity="11" crap="11" count="8"/>
        <line num="342" type="stmt" count="8"/>
        <line num="344" type="stmt" count="6"/>
        <line num="345" type="stmt" count="2"/>
        <line num="347" type="stmt" count="8"/>
        <line num="351" type="stmt" count="8"/>
        <line num="353" type="stmt" count="2"/>
        <line num="354" type="stmt" count="1"/>
        <line num="356" type="stmt" count="8"/>
        <line num="359" type="stmt" count="8"/>
        <line num="361" type="stmt" count="3"/>
        <line num="363" type="stmt" count="1"/>
        <line num="364" type="stmt" count="1"/>
        <line num="366" type="stmt" count="1"/>
        <line num="367" type="stmt" count="1"/>
        <line num="368" type="stmt" count="1"/>
        <line num="369" type="stmt" count="1"/>
        <line num="370" type="stmt" count="1"/>
        <line num="375" type="stmt" count="1"/>
        <line num="376" type="stmt" count="1"/>
        <line num="378" type="stmt" count="1"/>
        <line num="379" type="stmt" count="1"/>
        <line num="380" type="stmt" count="1"/>
        <line num="381" type="stmt" count="1"/>
        <line num="382" type="stmt" count="1"/>
        <line num="387" type="stmt" count="8"/>
        <line num="393" type="stmt" count="8"/>
        <line num="395" type="stmt" count="4"/>
        <line num="396" type="stmt" count="3"/>
        <line num="398" type="stmt" count="8"/>
        <line num="404" type="stmt" count="8"/>
        <line num="405" type="stmt" count="1"/>
        <line num="407" type="stmt" count="1"/>
        <line num="408" type="stmt" count="1"/>
        <line num="410" type="stmt" count="1"/>
        <line num="417" type="stmt" count="8"/>
        <line num="418" type="stmt" count="7"/>
        <line num="420" type="stmt" count="2"/>
        <line num="421" type="stmt" count="1"/>
        <line num="423" type="stmt" count="7"/>
        <line num="426" type="stmt" count="8"/>
        <line num="434" type="method" name="register_hook_callback" visibility="private" complexity="3" crap="3" count="5"/>
        <line num="436" type="stmt" count="5"/>
        <line num="437" type="stmt" count="5"/>
        <line num="438" type="stmt" count="4"/>
        <line num="439" type="stmt" count="4"/>
        <line num="441" type="stmt" count="2"/>
        <line num="442" type="stmt" count="2"/>
        <line num="443" type="stmt" count="2"/>
        <line num="445" type="stmt" count="5"/>
        <line num="454" type="method" name="remove_hook_callback" visibility="private" complexity="1" crap="1" count="2"/>
        <line num="455" type="stmt" count="2"/>
        <line num="456" type="stmt" count="2"/>
        <line num="457" type="stmt" count="2"/>
        <metrics loc="458" ncloc="260" classes="1" methods="16" coveredmethods="15" conditionals="0" coveredconditionals="0" statements="134" coveredstatements="127" elements="150" coveredelements="142"/>
      </file>
      <file name="/shared/httpd/php/htdocs/pc_core/src/Services/Registration/Register_Loader.php">
        <class name="PinkCrab\Core\Services\Registration\Register_Loader" namespace="PinkCrab\Core\Services\Registration" fullPackage="Register">
          <metrics complexity="4" methods="1" coveredmethods="1" conditionals="0" coveredconditionals="0" statements="4" coveredstatements="4" elements="5" coveredelements="5"/>
        </class>
        <line num="45" type="method" name="initalise" visibility="public" complexity="4" crap="4" count="1"/>
        <line num="46" type="stmt" count="1"/>
        <line num="47" type="stmt" count="1"/>
        <line num="49" type="stmt" count="1"/>
        <line num="52" type="stmt" count="1"/>
        <metrics loc="53" ncloc="24" classes="1" methods="1" coveredmethods="1" conditionals="0" coveredconditionals="0" statements="4" coveredstatements="4" elements="5" coveredelements="5"/>
      </file>
    </package>
    <package name="PinkCrab\Core\Services\ServiceContainer">
      <file name="/shared/httpd/php/htdocs/pc_core/src/Services/ServiceContainer/Container.php">
        <class name="PinkCrab\Core\Services\ServiceContainer\Container" namespace="PinkCrab\Core\Services\ServiceContainer">
          <metrics complexity="6" methods="3" coveredmethods="3" conditionals="0" coveredconditionals="0" statements="10" coveredstatements="10" elements="13" coveredelements="13"/>
        </class>
        <line num="49" type="method" name="get" visibility="public" complexity="2" crap="2" count="9"/>
        <line num="50" type="stmt" count="9"/>
        <line num="51" type="stmt" count="1"/>
        <line num="53" type="stmt" count="8"/>
        <line num="62" type="method" name="has" visibility="public" complexity="1" crap="1" count="13"/>
        <line num="63" type="stmt" count="13"/>
        <line num="73" type="method" name="set" visibility="public" complexity="3" crap="3" count="6"/>
        <line num="74" type="stmt" count="6"/>
        <line num="75" type="stmt" count="2"/>
        <line num="79" type="stmt" count="6"/>
        <line num="80" type="stmt" count="1"/>
        <line num="83" type="stmt" count="5"/>
        <line num="84" type="stmt" count="5"/>
        <metrics loc="86" ncloc="39" classes="1" methods="3" coveredmethods="3" conditionals="0" coveredconditionals="0" statements="10" coveredstatements="10" elements="13" coveredelements="13"/>
      </file>
      <file name="/shared/httpd/php/htdocs/pc_core/src/Services/ServiceContainer/ServiceNotRegisteredException.php">
        <class name="PinkCrab\Core\Services\ServiceContainer\ServiceNotRegisteredException" namespace="PinkCrab\Core\Services\ServiceContainer">
          <metrics complexity="0" methods="0" coveredmethods="0" conditionals="0" coveredconditionals="0" statements="0" coveredstatements="0" elements="0" coveredelements="0"/>
        </class>
        <metrics loc="30" ncloc="11" classes="0" methods="0" coveredmethods="0" conditionals="0" coveredconditionals="0" statements="0" coveredstatements="0" elements="0" coveredelements="0"/>
      </file>
    </package>
    <package name="PinkCrab\Core\Services\View">
      <file name="/shared/httpd/php/htdocs/pc_core/src/Services/View/PHP_Engine.php">
        <class name="PinkCrab\Core\Services\View\PHP_Engine" namespace="PinkCrab\Core\Services\View" fullPackage="PHP">
          <metrics complexity="15" methods="7" coveredmethods="7" conditionals="0" coveredconditionals="0" statements="33" coveredstatements="33" elements="40" coveredelements="40"/>
        </class>
        <line num="44" type="method" name="__construct" visibility="public" complexity="1" crap="1" count="14"/>
        <line num="45" type="stmt" count="14"/>
        <line num="46" type="stmt" count="14"/>
        <line num="55" type="method" name="render" visibility="public" complexity="2" crap="2" count="11"/>
        <line num="56" type="stmt" count="11"/>
        <line num="57" type="stmt" count="9"/>
        <line num="59" type="stmt" count="4"/>
        <line num="61" type="stmt" count="8"/>
        <line num="71" type="method" name="partial" visibility="public" complexity="2" crap="2" count="4"/>
        <line num="72" type="stmt" count="4"/>
        <line num="73" type="stmt" count="3"/>
        <line num="75" type="stmt" count="1"/>
        <line num="77" type="stmt" count="3"/>
        <line num="87" type="method" name="render_buffer" visibility="protected" complexity="5" crap="5" count="11"/>
        <line num="89" type="stmt" count="11"/>
        <line num="90" type="stmt" count="1"/>
        <line num="93" type="stmt" count="10"/>
        <line num="94" type="stmt" count="10"/>
        <line num="97" type="stmt" count="10"/>
        <line num="98" type="stmt" count="10"/>
        <line num="99" type="stmt" count="10"/>
        <line num="103" type="stmt" count="10"/>
        <line num="104" type="stmt" count="10"/>
        <line num="105" type="stmt" count="10"/>
        <line num="106" type="stmt" count="10"/>
        <line num="115" type="method" name="clean_filename" visibility="protected" complexity="2" crap="2" count="11"/>
        <line num="116" type="stmt" count="11"/>
        <line num="117" type="stmt" count="11"/>
        <line num="118" type="stmt" count="2"/>
        <line num="119" type="stmt" count="11"/>
        <line num="129" type="method" name="resolve_file_path" visibility="protected" complexity="1" crap="1" count="11"/>
        <line num="130" type="stmt" count="11"/>
        <line num="131" type="stmt" count="11"/>
        <line num="132" type="stmt" count="11"/>
        <line num="133" type="stmt" count="11"/>
        <line num="145" type="method" name="verify_view_path" visibility="protected" complexity="2" crap="2" count="14"/>
        <line num="147" type="stmt" count="14"/>
        <line num="149" type="stmt" count="14"/>
        <line num="150" type="stmt" count="1"/>
        <line num="153" type="stmt" count="14"/>
        <metrics loc="155" ncloc="80" classes="1" methods="7" coveredmethods="7" conditionals="0" coveredconditionals="0" statements="33" coveredstatements="33" elements="40" coveredelements="40"/>
      </file>
      <file name="/shared/httpd/php/htdocs/pc_core/src/Services/View/View.php">
        <class name="PinkCrab\Core\Services\View\View" namespace="PinkCrab\Core\Services\View">
          <metrics complexity="5" methods="3" coveredmethods="3" conditionals="0" coveredconditionals="0" statements="12" coveredstatements="12" elements="15" coveredelements="15"/>
        </class>
        <line num="60" type="method" name="__construct" visibility="public" complexity="1" crap="1" count="3"/>
        <line num="61" type="stmt" count="3"/>
        <line num="62" type="stmt" count="3"/>
        <line num="72" type="method" name="render" visibility="public" complexity="2" crap="2" count="2"/>
        <line num="73" type="stmt" count="2"/>
        <line num="74" type="stmt" count="1"/>
        <line num="76" type="stmt" count="1"/>
        <line num="78" type="stmt" count="1"/>
        <line num="86" type="method" name="print_buffer" visibility="public" complexity="2" crap="2" count="1"/>
        <line num="87" type="stmt" count="1"/>
        <line num="88" type="stmt" count="1"/>
        <line num="89" type="stmt" count="1"/>
        <line num="90" type="stmt" count="1"/>
        <line num="91" type="stmt" count="1"/>
        <line num="92" type="stmt" count="1"/>
        <metrics loc="95" ncloc="41" classes="1" methods="3" coveredmethods="3" conditionals="0" coveredconditionals="0" statements="12" coveredstatements="12" elements="15" coveredelements="15"/>
      </file>
    </package>
    <metrics files="18" loc="2432" ncloc="1212" classes="14" methods="107" coveredmethods="105" conditionals="0" coveredconditionals="0" statements="451" coveredstatements="443" elements="558" coveredelements="548"/>
  </project>
</coverage>
